<?xml version="1.0" encoding="UTF-8"?>
<!-- Generated by org.testng.reporters.JUnitReportReporter -->
<testsuite hostname="DESKTOP-ACILHS4" failures="0" tests="1" name="com.testvagrant.WeathreComparator.Compare.CompareWeatherInfo" time="35.439" errors="0" timestamp="22 Jul 2020 12:03:07 GMT" skipped="0">
  <testcase classname="com.testvagrant.WeathreComparator.Compare.CompareWeatherInfo" name="displayOutput" time="35.439"/>
</testsuite> <!-- com.testvagrant.WeathreComparator.Compare.CompareWeatherInfo -->
