<?xml version="1.0" encoding="UTF-8"?>
<!-- Generated by org.testng.reporters.JUnitReportReporter -->
<testsuite hostname="DESKTOP-ACILHS4" failures="0" tests="1" name="com.testvagrant.WeatherComparator.API.ExtractTemperatureFromAPITest" time="23.560" errors="0" timestamp="05 Jul 2020 14:04:35 GMT" skipped="0">
  <testcase classname="com.testvagrant.WeatherComparator.API.ExtractTemperatureFromAPITest" name="getTemperature" time="23.560"/>
</testsuite> <!-- com.testvagrant.WeatherComparator.API.ExtractTemperatureFromAPITest -->
