<?xml version="1.0" encoding="UTF-8"?>
<!-- Generated by org.testng.reporters.JUnitReportReporter -->
<testsuite hostname="DESKTOP-ACILHS4" failures="0" tests="1" name="com.testvagrant.WeatherComparator.UI.Snippet" time="22.368" errors="0" timestamp="04 Jul 2020 07:52:00 GMT" skipped="0">
  <testcase classname="com.testvagrant.WeatherComparator.UI.Snippet" name="setUp" time="22.368"/>
</testsuite> <!-- com.testvagrant.WeatherComparator.UI.Snippet -->
